<!DOCTYPE html PUBLIC "-//W3C//DTD XHTML 1.1//EN" "https://www.w3.org/TR/xhtml11/DTD/xhtml11.dtd">
<!-- saved from url=(0138)http://localhost:63342/automation_task/test-output/emailable-report.html?_ijt=b2t2ip3fej4p1hdsiermui1qb4&_ij_reload=RELOAD_ON_SAVE#summary -->
<html xmlns="https://www.w3.org/1999/xhtml"><head><meta http-equiv="Content-Type" content="text/html; charset=UTF-8">

<title>TestNG Report</title>
<style type="text/css">
table {margin-bottom:10px;border-collapse:collapse;empty-cells:show}
td,th {border:1px solid #009;padding:.25em .5em}
.result th {vertical-align:bottom}
.param th {padding-left:1em;padding-right:1em}
.param td {padding-left:.5em;padding-right:2em}
.stripe td,.stripe th {background-color: #E6EBF9}
.numi,.numi_attn {text-align:right}
.total td {font-weight:bold}
.passedodd td {background-color: #0A0}
.passedeven td {background-color: #3F3}
.skippedodd td {background-color: #CCC}
.skippedodd td {background-color: #DDD}
.failedodd td,.numi_attn {background-color: #F33}
.failedeven td,.stripe .numi_attn {background-color: #D00}
.stacktrace {white-space:pre;font-family:monospace}
.totop {font-size:85%;text-align:center;border-bottom:2px solid #000}
</style>
<script src="chrome-extension://mooikfkahbdckldjjndioackbalphokd/assets/prompt.js"></script></head>
<body>
<table cellspacing="0" cellpadding="0" class="testOverview">
<tbody><tr><th>Test</th><th>Methods<br>Passed</th><th>Scenarios<br>Passed</th><th># skipped</th><th># failed</th><th>Total<br>Time</th><th>Included<br>Groups</th><th>Excluded<br>Groups</th></tr>
<tr><td style="text-align:left;padding-right:2em"><a href="http://localhost:63342/automation_task/test-output/emailable-report.html?_ijt=b2t2ip3fej4p1hdsiermui1qb4&amp;_ij_reload=RELOAD_ON_SAVE#t1">D:/mohamed mokhtar/ITI SW TESTING/Test Automation/automation_task</a></td><td class="numi">1</td><td class="numi">1</td><td class="numi">0</td><td class="numi_attn">2</td><td class="numi">161.7 seconds</td><td class="numi"></td><td class="numi"></td></tr>
</tbody></table>
<table cellspacing="0" cellpadding="0" class="methodOverview" id="summary">
<tbody><tr><th>Class</th><th>Method</th><th># of<br>Scenarios</th><th>Start</th><th>Time<br>(ms)</th></tr>
<tr id="t1"><th colspan="5">D:/mohamed mokhtar/ITI SW TESTING/Test Automation/automation_task — failed</th></tr>
<tr class="failedodd"><td rowspan="2">signup.SignupTest</td><td><a href="http://localhost:63342/automation_task/test-output/emailable-report.html?_ijt=b2t2ip3fej4p1hdsiermui1qb4&amp;_ij_reload=RELOAD_ON_SAVE#m1"><b>signupTest_InvalidData</b>  </a></td><td class="numi">1</td><td>1664631866140</td><td class="numi">23139</td></tr><tr class="failedodd"><td><a href="http://localhost:63342/automation_task/test-output/emailable-report.html?_ijt=b2t2ip3fej4p1hdsiermui1qb4&amp;_ij_reload=RELOAD_ON_SAVE#m2"><b>signupTest_Fully</b>  </a></td><td class="numi">1</td><td>1664631898349</td><td class="numi">13625</td></tr>
<tr><th colspan="5">D:/mohamed mokhtar/ITI SW TESTING/Test Automation/automation_task — passed</th></tr>
<tr class="passedodd"><td>signup.SignupTest</td><td><a href="http://localhost:63342/automation_task/test-output/emailable-report.html?_ijt=b2t2ip3fej4p1hdsiermui1qb4&amp;_ij_reload=RELOAD_ON_SAVE#m3"><b>signupTest_Partially</b>  </a></td><td class="numi">1</td><td>1664631824912</td><td class="numi">31317</td></tr>
</tbody></table>
<h1>D:/mohamed mokhtar/ITI SW TESTING/Test Automation/automation_task</h1>
<h2 id="m1">signup.SignupTest:signupTest_InvalidData</h2>
<table cellspacing="0" cellpadding="0" class="result">
<tbody><tr class="param"><th>Parameter #1</th><th>Parameter #2</th><th>Parameter #3</th><th>Parameter #4</th><th>Parameter #5</th></tr>
<tr class="param stripe"><td>amr</td>
<td>Ali</td>
<td></td>
<td>mohamedali@gmail.com</td>
<td>12345678</td>
</tr>
<tr><td colspan="5">
<div class="stacktrace">org.openqa.selenium.NoSuchElementException: no such element: Unable to locate element: {"method":"xpath","selector":"//button[@type='submit']//*[text()='Login']"}
  (Session info: chrome=106.0.5249.91)
For documentation on this error, please visit: https://selenium.dev/exceptions/#no_such_element
Build info: version: '4.3.0', revision: 'a4995e2c09*'
System info: host: 'DESKTOP-2DFD94H', ip: '192.168.55.5', os.name: 'Windows 10', os.arch: 'amd64', os.version: '10.0', java.version: '17.0.3.1'
Driver info: org.openqa.selenium.chrome.ChromeDriver
Command: [5dc2560dbf04c2ca521546e70dd163cf, findElement {using=xpath, value=//button[@type='submit']//*[text()='Login']}]
Capabilities {acceptInsecureCerts: false, browserName: chrome, browserVersion: 106.0.5249.91, chrome: {chromedriverVersion: 106.0.5249.61 (511755355844..., userDataDir: C:\Users\ELTAYS~1\AppData\L...}, goog:chromeOptions: {debuggerAddress: localhost:57937}, networkConnectionEnabled: false, pageLoadStrategy: normal, platformName: WINDOWS, proxy: Proxy(), se:cdp: ws://localhost:57937/devtoo..., se:cdpVersion: 106.0.5249.91, setWindowRect: true, strictFileInteractability: false, timeouts: {implicit: 0, pageLoad: 300000, script: 30000}, unhandledPromptBehavior: dismiss and notify, webauthn:extension:credBlob: true, webauthn:extension:largeBlob: true, webauthn:virtualAuthenticators: true}
Session ID: 5dc2560dbf04c2ca521546e70dd163cf
	at java.base/jdk.internal.reflect.NativeConstructorAccessorImpl.newInstance0(Native Method)
	at java.base/jdk.internal.reflect.NativeConstructorAccessorImpl.newInstance(NativeConstructorAccessorImpl.java:77)
	at java.base/jdk.internal.reflect.DelegatingConstructorAccessorImpl.newInstance(DelegatingConstructorAccessorImpl.java:45)
	at java.base/java.lang.reflect.Constructor.newInstanceWithCaller(Constructor.java:499)
	at java.base/java.lang.reflect.Constructor.newInstance(Constructor.java:480)
	at org.openqa.selenium.remote.codec.w3c.W3CHttpResponseCodec.createException(W3CHttpResponseCodec.java:200)
	at org.openqa.selenium.remote.codec.w3c.W3CHttpResponseCodec.decode(W3CHttpResponseCodec.java:133)
	at org.openqa.selenium.remote.codec.w3c.W3CHttpResponseCodec.decode(W3CHttpResponseCodec.java:53)
	at org.openqa.selenium.remote.HttpCommandExecutor.execute(HttpCommandExecutor.java:184)
	at org.openqa.selenium.remote.service.DriverCommandExecutor.invokeExecute(DriverCommandExecutor.java:167)
	at org.openqa.selenium.remote.service.DriverCommandExecutor.execute(DriverCommandExecutor.java:142)
	at org.openqa.selenium.remote.RemoteWebDriver.execute(RemoteWebDriver.java:569)
	at org.openqa.selenium.remote.ElementLocation$ElementFinder$2.findElement(ElementLocation.java:162)
	at org.openqa.selenium.remote.ElementLocation.findElement(ElementLocation.java:60)
	at org.openqa.selenium.remote.RemoteWebDriver.findElement(RemoteWebDriver.java:387)
	at org.openqa.selenium.remote.RemoteWebDriver.findElement(RemoteWebDriver.java:379)
	at pages.LoginPage.setLogin(LoginPage.java:22)
	at signup.SignupTest.signupTest_InvalidData(SignupTest.java:25)
	at java.base/jdk.internal.reflect.NativeMethodAccessorImpl.invoke0(Native Method)
	at java.base/jdk.internal.reflect.NativeMethodAccessorImpl.invoke(NativeMethodAccessorImpl.java:77)
	at java.base/jdk.internal.reflect.DelegatingMethodAccessorImpl.invoke(DelegatingMethodAccessorImpl.java:43)
	at java.base/java.lang.reflect.Method.invoke(Method.java:568)
	at org.testng.internal.invokers.MethodInvocationHelper.invokeMethod(MethodInvocationHelper.java:139)
	at org.testng.internal.invokers.TestInvoker.invokeMethod(TestInvoker.java:677)
	at org.testng.internal.invokers.TestInvoker.invokeTestMethod(TestInvoker.java:221)
	at org.testng.internal.invokers.MethodRunner.runInSequence(MethodRunner.java:50)
	at org.testng.internal.invokers.TestInvoker$MethodInvocationAgent.invoke(TestInvoker.java:962)
	at org.testng.internal.invokers.TestInvoker.invokeTestMethods(TestInvoker.java:194)
	at org.testng.internal.invokers.TestMethodWorker.invokeTestMethods(TestMethodWorker.java:148)
	at org.testng.internal.invokers.TestMethodWorker.run(TestMethodWorker.java:128)
	at java.base/java.util.ArrayList.forEach(ArrayList.java:1511)
	at org.testng.TestRunner.privateRun(TestRunner.java:806)
	at org.testng.TestRunner.run(TestRunner.java:601)
	at org.testng.SuiteRunner.runTest(SuiteRunner.java:433)
	at org.testng.SuiteRunner.runSequentially(SuiteRunner.java:427)
	at org.testng.SuiteRunner.privateRun(SuiteRunner.java:387)
	at org.testng.SuiteRunner.run(SuiteRunner.java:330)
	at org.testng.SuiteRunnerWorker.runSuite(SuiteRunnerWorker.java:52)
	at org.testng.SuiteRunnerWorker.run(SuiteRunnerWorker.java:95)
	at org.testng.TestNG.runSuitesSequentially(TestNG.java:1256)
	at org.testng.TestNG.runSuitesLocally(TestNG.java:1176)
	at org.testng.TestNG.runSuites(TestNG.java:1099)
	at org.testng.TestNG.run(TestNG.java:1067)
	at com.intellij.rt.testng.IDEARemoteTestNG.run(IDEARemoteTestNG.java:66)
	at com.intellij.rt.testng.RemoteTestNGStarter.main(RemoteTestNGStarter.java:109)
</div>
</td></tr>
</tbody></table>
<p class="totop"><a href="http://localhost:63342/automation_task/test-output/emailable-report.html?_ijt=b2t2ip3fej4p1hdsiermui1qb4&amp;_ij_reload=RELOAD_ON_SAVE#summary">back to summary</a></p>
<h2 id="m2">signup.SignupTest:signupTest_Fully</h2>
<table cellspacing="0" cellpadding="0" class="result">
<tbody><tr class="param"><th>Parameter #1</th><th>Parameter #2</th><th>Parameter #3</th><th>Parameter #4</th><th>Parameter #5</th></tr>
<tr class="param stripe"><td>Mohamed</td>
<td>Ali</td>
<td>01224570307</td>
<td>mohamedali@gmail.com</td>
<td>Mok2411</td>
</tr>
<tr><td colspan="5">
<div class="stacktrace">org.openqa.selenium.TimeoutException: Expected condition failed: waiting for element to be clickable: [[ChromeDriver: chrome on WINDOWS (5dc2560dbf04c2ca521546e70dd163cf)] -&gt; xpath: //button[@class='btn btn-default btn-lg btn-block effect ladda-button waves-effect']] (tried for 10 second(s) with 2000 milliseconds interval)
Build info: version: '4.3.0', revision: 'a4995e2c09*'
System info: host: 'DESKTOP-2DFD94H', ip: '192.168.55.5', os.name: 'Windows 10', os.arch: 'amd64', os.version: '10.0', java.version: '17.0.3.1'
Driver info: driver.version: unknown
	at org.openqa.selenium.support.ui.FluentWait.timeoutException(FluentWait.java:263)
	at org.openqa.selenium.support.ui.FluentWait.until(FluentWait.java:231)
	at pages.SignUpPage.signUpProcess_FullyAutomated(SignUpPage.java:56)
	at signup.SignupTest.signupTest_Fully(SignupTest.java:33)
	at java.base/jdk.internal.reflect.NativeMethodAccessorImpl.invoke0(Native Method)
	at java.base/jdk.internal.reflect.NativeMethodAccessorImpl.invoke(NativeMethodAccessorImpl.java:77)
	at java.base/jdk.internal.reflect.DelegatingMethodAccessorImpl.invoke(DelegatingMethodAccessorImpl.java:43)
	at java.base/java.lang.reflect.Method.invoke(Method.java:568)
	at org.testng.internal.invokers.MethodInvocationHelper.invokeMethod(MethodInvocationHelper.java:139)
	at org.testng.internal.invokers.TestInvoker.invokeMethod(TestInvoker.java:677)
	at org.testng.internal.invokers.TestInvoker.invokeTestMethod(TestInvoker.java:221)
	at org.testng.internal.invokers.MethodRunner.runInSequence(MethodRunner.java:50)
	at org.testng.internal.invokers.TestInvoker$MethodInvocationAgent.invoke(TestInvoker.java:962)
	at org.testng.internal.invokers.TestInvoker.invokeTestMethods(TestInvoker.java:194)
	at org.testng.internal.invokers.TestMethodWorker.invokeTestMethods(TestMethodWorker.java:148)
	at org.testng.internal.invokers.TestMethodWorker.run(TestMethodWorker.java:128)
	at java.base/java.util.ArrayList.forEach(ArrayList.java:1511)
	at org.testng.TestRunner.privateRun(TestRunner.java:806)
	at org.testng.TestRunner.run(TestRunner.java:601)
	at org.testng.SuiteRunner.runTest(SuiteRunner.java:433)
	at org.testng.SuiteRunner.runSequentially(SuiteRunner.java:427)
	at org.testng.SuiteRunner.privateRun(SuiteRunner.java:387)
	at org.testng.SuiteRunner.run(SuiteRunner.java:330)
	at org.testng.SuiteRunnerWorker.runSuite(SuiteRunnerWorker.java:52)
	at org.testng.SuiteRunnerWorker.run(SuiteRunnerWorker.java:95)
	at org.testng.TestNG.runSuitesSequentially(TestNG.java:1256)
	at org.testng.TestNG.runSuitesLocally(TestNG.java:1176)
	at org.testng.TestNG.runSuites(TestNG.java:1099)
	at org.testng.TestNG.run(TestNG.java:1067)
	at com.intellij.rt.testng.IDEARemoteTestNG.run(IDEARemoteTestNG.java:66)
	at com.intellij.rt.testng.RemoteTestNGStarter.main(RemoteTestNGStarter.java:109)
</div>
</td></tr>
</tbody></table>
<p class="totop"><a href="http://localhost:63342/automation_task/test-output/emailable-report.html?_ijt=b2t2ip3fej4p1hdsiermui1qb4&amp;_ij_reload=RELOAD_ON_SAVE#summary">back to summary</a></p>
<h2 id="m3">signup.SignupTest:signupTest_Partially</h2>
<table cellspacing="0" cellpadding="0" class="result">
<tbody><tr class="param"><th>Parameter #1</th><th>Parameter #2</th><th>Parameter #3</th><th>Parameter #4</th><th>Parameter #5</th></tr>
<tr class="param stripe"><td>Mohamed</td>
<td>Ali</td>
<td>01224570307</td>
<td>mohamedali@gmail.com</td>
<td>Mok2411</td>
</tr>
</tbody></table>
<p class="totop"><a href="http://localhost:63342/automation_task/test-output/emailable-report.html?_ijt=b2t2ip3fej4p1hdsiermui1qb4&amp;_ij_reload=RELOAD_ON_SAVE#summary">back to summary</a></p>

<script>
(function() {
  var ws = new WebSocket('ws://' + window.location.host + 
             '/jb-server-page?reloadMode=RELOAD_ON_SAVE&'+
             'referrer=' + encodeURIComponent(window.location.pathname));
  ws.onmessage = function (msg) {
      if (msg.data === 'reload') {
          window.location.reload();
      }
      if (msg.data.startsWith('update-css ')) {
          var messageId = msg.data.substring(11);
          var links = document.getElementsByTagName('link');
          for (var i = 0; i < links.length; i++) {
              var link = links[i];
              if (link.rel !== 'stylesheet') continue;
              var clonedLink = link.cloneNode(true);
              var newHref = link.href.replace(/(&|\?)jbUpdateLinksId=\d+/, "$1jbUpdateLinksId=" + messageId);
              if (newHref !== link.href) {
                clonedLink.href = newHref;
              }
              else {
                var indexOfQuest = newHref.indexOf('?');
                if (indexOfQuest >= 0) {
                  // to support ?foo#hash 
                  clonedLink.href = newHref.substring(0, indexOfQuest + 1) + 'jbUpdateLinksId=' + messageId + '&' + 
                                    newHref.substring(indexOfQuest + 1);
                }
                else {
                  clonedLink.href += '?' + 'jbUpdateLinksId=' + messageId;
                }
              }
              link.replaceWith(clonedLink);
          }
      }
  };
})();
</script></body></html>